\BOOKMARK [1][-]{section.0.1}{Representations}{}% 1
\BOOKMARK [2][-]{subsection.0.1.1}{Measurements and Data}{section.0.1}% 2
\BOOKMARK [2][-]{subsection.0.1.2}{Patterns}{section.0.1}% 3
\BOOKMARK [2][-]{subsection.0.1.3}{Data Types, Transformations, Scale}{section.0.1}% 4
\BOOKMARK [1][-]{section.0.2}{Regression}{}% 5
\BOOKMARK [2][-]{subsection.0.2.1}{Linear Regression}{section.0.2}% 6
\BOOKMARK [2][-]{subsection.0.2.2}{Ridge Regression}{section.0.2}% 7
\BOOKMARK [2][-]{subsection.0.2.3}{LASSO}{section.0.2}% 8
\BOOKMARK [2][-]{subsection.0.2.4}{Nonlinear Regression by basis expansion}{section.0.2}% 9
\BOOKMARK [2][-]{subsection.0.2.5}{Wavelet regression}{section.0.2}% 10
\BOOKMARK [2][-]{subsection.0.2.6}{Bias variance Tradeoff}{section.0.2}% 11
\BOOKMARK [2][-]{subsection.0.2.7}{Gaussian Processes}{section.0.2}% 12
\BOOKMARK [1][-]{section.0.3}{Numerical Estimation Techniques}{}% 13
\BOOKMARK [2][-]{subsection.0.3.1}{Cross-Validation}{section.0.3}% 14
\BOOKMARK [2][-]{subsection.0.3.2}{Bootstrap}{section.0.3}% 15
\BOOKMARK [2][-]{subsection.0.3.3}{Jackknife}{section.0.3}% 16
\BOOKMARK [2][-]{subsection.0.3.4}{Hypothesis Testing}{section.0.3}% 17
\BOOKMARK [1][-]{section.0.4}{Classification}{}% 18
\BOOKMARK [2][-]{subsection.0.4.1}{Problem Setting for Bayesian Inference}{section.0.4}% 19
\BOOKMARK [2][-]{subsection.0.4.2}{Bayes Rule}{section.0.4}% 20
\BOOKMARK [2][-]{subsection.0.4.3}{Parametric Models, Bayesian Learning}{section.0.4}% 21
\BOOKMARK [1][-]{section.0.5}{Parametric Models}{}% 22
\BOOKMARK [2][-]{subsection.0.5.1}{Maximum Likelihood Method}{section.0.5}% 23
\BOOKMARK [2][-]{subsection.0.5.2}{Efficient Estimators}{section.0.5}% 24
\BOOKMARK [2][-]{subsection.0.5.3}{Bayesian Learning \(batch/online\)}{section.0.5}% 25
\BOOKMARK [1][-]{section.0.6}{Design of Linear Discriminant Functions}{}% 26
\BOOKMARK [2][-]{subsection.0.6.1}{Perceptrons}{section.0.6}% 27
\BOOKMARK [2][-]{subsection.0.6.2}{Fisher's linear discriminant analysis}{section.0.6}% 28
\BOOKMARK [1][-]{section.0.7}{Support Vector Machines}{}% 29
\BOOKMARK [2][-]{subsection.0.7.1}{Lagrangian optimization theory}{section.0.7}% 30
\BOOKMARK [2][-]{subsection.0.7.2}{Hard margin SVMs}{section.0.7}% 31
\BOOKMARK [2][-]{subsection.0.7.3}{Soft margin SVMs}{section.0.7}% 32
\BOOKMARK [1][-]{section.0.8}{Nonlinear Support Vector Machines}{}% 33
\BOOKMARK [1][-]{section.0.9}{Ensemble Methods for Classifier Design}{}% 34
\BOOKMARK [2][-]{subsection.0.9.1}{PAC Learning}{section.0.9}% 35
\BOOKMARK [2][-]{subsection.0.9.2}{Bagging}{section.0.9}% 36
\BOOKMARK [2][-]{subsection.0.9.3}{Boosting}{section.0.9}% 37
\BOOKMARK [2][-]{subsection.0.9.4}{Arcing}{section.0.9}% 38
\BOOKMARK [2][-]{subsection.0.9.5}{Exponential Loss}{section.0.9}% 39
\BOOKMARK [1][-]{section.0.10}{Unsupervised Learning}{}% 40
\BOOKMARK [2][-]{subsection.0.10.1}{Nonparametric Density Estimation}{section.0.10}% 41
\BOOKMARK [2][-]{subsection.0.10.2}{Histograms}{section.0.10}% 42
\BOOKMARK [2][-]{subsection.0.10.3}{Parzen Estimators}{section.0.10}% 43
\BOOKMARK [2][-]{subsection.0.10.4}{k-Nearest Neighbor Estimator}{section.0.10}% 44
\BOOKMARK [1][-]{section.0.11}{Neural Networks}{}% 45
\BOOKMARK [2][-]{subsection.0.11.1}{Motivation by Computational Neuroscience}{section.0.11}% 46
\BOOKMARK [2][-]{subsection.0.11.2}{Multilayer Perceptrons and Backpropagation}{section.0.11}% 47
\BOOKMARK [2][-]{subsection.0.11.3}{NETtalk and ALVINN}{section.0.11}% 48
\BOOKMARK [2][-]{subsection.0.11.4}{Boltzmann machines}{section.0.11}% 49
\BOOKMARK [2][-]{subsection.0.11.5}{Deep Neural Networks}{section.0.11}% 50
\BOOKMARK [1][-]{section.0.12}{Mixture Models}{}% 51
\BOOKMARK [2][-]{subsection.0.12.1}{k-Means Algorithm}{section.0.12}% 52
\BOOKMARK [2][-]{subsection.0.12.2}{Mixture Models}{section.0.12}% 53
\BOOKMARK [2][-]{subsection.0.12.3}{Expectation Maximization Algorithm}{section.0.12}% 54
\BOOKMARK [2][-]{subsection.0.12.4}{Convergence Proof of EM Algorithm}{section.0.12}% 55
